<?xml version="1.0" encoding="UTF-8"?>
<coverage generated="1493398486828" clover="3.2.0">
  <project timestamp="1493398486828" name="All files">
    <metrics statements="2" coveredstatements="1" conditionals="0" coveredconditionals="0" methods="1" coveredmethods="1" elements="3" coveredelements="2" complexity="0" loc="2" ncloc="2" packages="1" files="2" classes="2">
      <file name="App.js" path="/var/www/reactJs/accounting/src/App.js">
        <metrics statements="1" coveredstatements="1" conditionals="0" coveredconditionals="0" methods="1" coveredmethods="1"/>
        <line num="8" count="1" type="stmt"/>
      </file>
      <file name="index.js" path="/var/www/reactJs/accounting/src/index.js">
        <metrics statements="1" coveredstatements="0" conditionals="0" coveredconditionals="0" methods="0" coveredmethods="0"/>
        <line num="1" count="0" type="stmt"/>
      </file>
    </metrics>
  </project>
</coverage>
