<?xml version="1.0" encoding="UTF-8"?>
<coverage generated="1495100589763" clover="3.2.0">
  <project timestamp="1495100589763" name="All files">
    <metrics statements="4" coveredstatements="3" conditionals="0" coveredconditionals="0" methods="1" coveredmethods="1" elements="5" coveredelements="4" complexity="0" loc="4" ncloc="4" packages="1" files="3" classes="3">
      <file name="App.js" path="C:\wamp\www\git\accounting-app\src\App.js">
        <metrics statements="1" coveredstatements="1" conditionals="0" coveredconditionals="0" methods="1" coveredmethods="1"/>
        <line num="8" count="1" type="stmt"/>
      </file>
      <file name="index.js" path="C:\wamp\www\git\accounting-app\src\index.js">
        <metrics statements="1" coveredstatements="0" conditionals="0" coveredconditionals="0" methods="0" coveredmethods="0"/>
        <line num="1" count="0" type="stmt"/>
      </file>
      <file name="setupTests.js" path="C:\wamp\www\git\accounting-app\src\setupTests.js">
        <metrics statements="2" coveredstatements="2" conditionals="0" coveredconditionals="0" methods="0" coveredmethods="0"/>
        <line num="1" count="1" type="stmt"/>
        <line num="6" count="1" type="stmt"/>
      </file>
    </metrics>
  </project>
</coverage>
