{"/var/www/reactJs/accounting/src/App.js": {"path":"/var/www/reactJs/accounting/src/App.js","statementMap":{"0":{"start":{"line":8,"column":4},"end":{"line":18,"column":6}}},"fnMap":{"0":{"name":"(anonymous_0)","decl":{"start":{"line":7,"column":2},"end":{"line":7,"column":3}},"loc":{"start":{"line":7,"column":11},"end":{"line":19,"column":3}},"line":7}},"branchMap":{},"s":{"0":1},"f":{"0":1},"b":{},"_coverageSchema":"332fd63041d2c1bcb487cc26dd0d5f7d97098a6c","hash":"3bb079b5bee34990ccd73eb002f6770683c23d3e"}
,"/var/www/reactJs/accounting/src/index.js": {"path":"/var/www/reactJs/accounting/src/index.js","statementMap":{"0":{"start":{"line":1,"column":58},"end":{"line":1,"column":100}}},"fnMap":{},"branchMap":{},"s":{"0":0},"f":{},"b":{}}
}
