{"C:\\wamp\\www\\git\\accounting-app\\src\\App.js": {"path":"C:\\wamp\\www\\git\\accounting-app\\src\\App.js","statementMap":{"0":{"start":{"line":8,"column":4},"end":{"line":18,"column":6}}},"fnMap":{"0":{"name":"(anonymous_0)","decl":{"start":{"line":7,"column":2},"end":{"line":7,"column":3}},"loc":{"start":{"line":7,"column":11},"end":{"line":19,"column":3}},"line":7}},"branchMap":{},"s":{"0":1},"f":{"0":1},"b":{},"_coverageSchema":"332fd63041d2c1bcb487cc26dd0d5f7d97098a6c","hash":"510548a20c564d9e1da4e1acd487de871ff7024b"}
,"C:\\wamp\\www\\git\\accounting-app\\src\\index.js": {"path":"C:\\wamp\\www\\git\\accounting-app\\src\\index.js","statementMap":{"0":{"start":{"line":1,"column":58},"end":{"line":1,"column":109}}},"fnMap":{},"branchMap":{},"s":{"0":0},"f":{},"b":{}}
,"C:\\wamp\\www\\git\\accounting-app\\src\\setupTests.js": {"path":"C:\\wamp\\www\\git\\accounting-app\\src\\setupTests.js","statementMap":{"0":{"start":{"line":1,"column":25},"end":{"line":5,"column":1}},"1":{"start":{"line":6,"column":0},"end":{"line":6,"column":38}}},"fnMap":{},"branchMap":{},"s":{"0":1,"1":1},"f":{},"b":{},"_coverageSchema":"332fd63041d2c1bcb487cc26dd0d5f7d97098a6c","hash":"64c76c16defe2e428540f7f433cf6038cfaecc0e"}
}
